# JRE version: Java(TM) SE Runtime Environment (8.0_66-b18) (build 1.8.0_66-b18)
# Java VM: Java HotSpot(TM) 64-Bit Server VM (25.66-b18 mixed mode windows-amd64 compressed oops)
Heap:
 PSYoungGen      total 38912K, used 23183K [0x00000000f5580000, 0x00000000f8b00000, 0x0000000100000000)
  eden space 36352K, 56% used [0x00000000f5580000,0x00000000f69aa2a8,0x00000000f7900000)
  from space 2560K, 99% used [0x00000000f7980000,0x00000000f7bf9a68,0x00000000f7c00000)
  to   space 9216K, 0% used [0x00000000f8200000,0x00000000f8200000,0x00000000f8b00000)
 ParOldGen       total 107520K, used 72595K [0x00000000e0000000, 0x00000000e6900000, 0x00000000f5580000)
  object space 107520K, 67% used [0x00000000e0000000,0x00000000e46e4e20,0x00000000e6900000)
 Metaspace       used 99715K, capacity 107260K, committed 107824K, reserved 1142784K
  class space    used 11709K, capacity 14002K, committed 14128K, reserved 1048576K
GC Heap History (10 events):
Event: 3495.172 GC heap before
{Heap before GC invocations=57 (full 4):
 PSYoungGen      total 49152K, used 41906K [0x00000000f5580000, 0x00000000f9180000, 0x0000000100000000)
  eden space 38912K, 100% used [0x00000000f5580000,0x00000000f7b80000,0x00000000f7b80000)
  from space 10240K, 29% used [0x00000000f8780000,0x00000000f8a6cb88,0x00000000f9180000)
  to   space 11264K, 0% used [0x00000000f7b80000,0x00000000f7b80000,0x00000000f8680000)
 ParOldGen       total 107520K, used 71855K [0x00000000e0000000, 0x00000000e6900000, 0x00000000f5580000)
  object space 107520K, 66% used [0x00000000e0000000,0x00000000e462bd50,0x00000000e6900000)
 Metaspace       used 99058K, capacity 106548K, committed 106928K, reserved 1142784K
  class space    used 11649K, capacity 13900K, committed 14000K, reserved 1048576K
Event: 3495.177 GC heap after
Heap after GC invocations=57 (full 4):
 PSYoungGen      total 42496K, used 3602K [0x00000000f5580000, 0x00000000f9000000, 0x0000000100000000)
  eden space 38400K, 0% used [0x00000000f5580000,0x00000000f5580000,0x00000000f7b00000)
  from space 4096K, 87% used [0x00000000f7b80000,0x00000000f7f04b68,0x00000000f7f80000)
  to   space 10752K, 0% used [0x00000000f8580000,0x00000000f8580000,0x00000000f9000000)
 ParOldGen       total 107520K, used 72067K [0x00000000e0000000, 0x00000000e6900000, 0x00000000f5580000)
  object space 107520K, 67% used [0x00000000e0000000,0x00000000e4660dc0,0x00000000e6900000)
 Metaspace       used 99058K, capacity 106548K, committed 106928K, reserved 1142784K
  class space    used 11649K, capacity 13900K, committed 14000K, reserved 1048576K
}
Event: 3496.704 GC heap before
{Heap before GC invocations=58 (full 4):
 PSYoungGen      total 42496K, used 42002K [0x00000000f5580000, 0x00000000f9000000, 0x0000000100000000)
  eden space 38400K, 100% used [0x00000000f5580000,0x00000000f7b00000,0x00000000f7b00000)
  from space 4096K, 87% used [0x00000000f7b80000,0x00000000f7f04b68,0x00000000f7f80000)
  to   space 10752K, 0% used [0x00000000f8580000,0x00000000f8580000,0x00000000f9000000)
 ParOldGen       total 107520K, used 72067K [0x00000000e0000000, 0x00000000e6900000, 0x00000000f5580000)
  object space 107520K, 67% used [0x00000000e0000000,0x00000000e4660dc0,0x00000000e6900000)
 Metaspace       used 99074K, capacity 106548K, committed 106928K, reserved 1142784K
  class space    used 11649K, capacity 13900K, committed 14000K, reserved 1048576K
Event: 3496.709 GC heap after
Heap after GC invocations=58 (full 4):
 PSYoungGen      total 47104K, used 3954K [0x00000000f5580000, 0x00000000f8e80000, 0x0000000100000000)
  eden space 37888K, 0% used [0x00000000f5580000,0x00000000f5580000,0x00000000f7a80000)
  from space 9216K, 42% used [0x00000000f8580000,0x00000000f895cb98,0x00000000f8e80000)
  to   space 10240K, 0% used [0x00000000f7a80000,0x00000000f7a80000,0x00000000f8480000)
 ParOldGen       total 107520K, used 72163K [0x00000000e0000000, 0x00000000e6900000, 0x00000000f5580000)
  object space 107520K, 67% used [0x00000000e0000000,0x00000000e4678dc0,0x00000000e6900000)
 Metaspace       used 99074K, capacity 106548K, committed 106928K, reserved 1142784K
  class space    used 11649K, capacity 13900K, committed 14000K, reserved 1048576K
}
Event: 3752.619 GC heap before
{Heap before GC invocations=59 (full 4):
 PSYoungGen      total 47104K, used 41842K [0x00000000f5580000, 0x00000000f8e80000, 0x0000000100000000)
  eden space 37888K, 100% used [0x00000000f5580000,0x00000000f7a80000,0x00000000f7a80000)
  from space 9216K, 42% used [0x00000000f8580000,0x00000000f895cb98,0x00000000f8e80000)
  to   space 10240K, 0% used [0x00000000f7a80000,0x00000000f7a80000,0x00000000f8480000)
 ParOldGen       total 107520K, used 72163K [0x00000000e0000000, 0x00000000e6900000, 0x00000000f5580000)
  object space 107520K, 67% used [0x00000000e0000000,0x00000000e4678dc0,0x00000000e6900000)
 Metaspace       used 99109K, capacity 106548K, committed 106928K, reserved 1142784K
  class space    used 11649K, capacity 13900K, committed 14000K, reserved 1048576K
Event: 3752.624 GC heap after
Heap after GC invocations=59 (full 4):
 PSYoungGen      total 41984K, used 4262K [0x00000000f5580000, 0x00000000f8d00000, 0x0000000100000000)
  eden space 37376K, 0% used [0x00000000f5580000,0x00000000f5580000,0x00000000f7a00000)
  from space 4608K, 92% used [0x00000000f7a80000,0x00000000f7ea9a68,0x00000000f7f00000)
  to   space 9728K, 0% used [0x00000000f8380000,0x00000000f8380000,0x00000000f8d00000)
 ParOldGen       total 107520K, used 72227K [0x00000000e0000000, 0x00000000e6900000, 0x00000000f5580000)
  object space 107520K, 67% used [0x00000000e0000000,0x00000000e4688dc0,0x00000000e6900000)
 Metaspace       used 99109K, capacity 106548K, committed 106928K, reserved 1142784K
  class space    used 11649K, capacity 13900K, committed 14000K, reserved 1048576K
}
Event: 4029.314 GC heap before
{Heap before GC invocations=60 (full 4):
 PSYoungGen      total 41984K, used 41638K [0x00000000f5580000, 0x00000000f8d00000, 0x0000000100000000)
  eden space 37376K, 100% used [0x00000000f5580000,0x00000000f7a00000,0x00000000f7a00000)
  from space 4608K, 92% used [0x00000000f7a80000,0x00000000f7ea9a68,0x00000000f7f00000)
  to   space 9728K, 0% used [0x00000000f8380000,0x00000000f8380000,0x00000000f8d00000)
 ParOldGen       total 107520K, used 72227K [0x00000000e0000000, 0x00000000e6900000, 0x00000000f5580000)
  object space 107520K, 67% used [0x00000000e0000000,0x00000000e4688dc0,0x00000000e6900000)
 Metaspace       used 99159K, capacity 106676K, committed 107184K, reserved 1142784K
  class space    used 11649K, capacity 13900K, committed 14000K, reserved 1048576K
Event: 4029.320 GC heap after
Heap after GC invocations=60 (full 4):
 PSYoungGen      total 45056K, used 4486K [0x00000000f5580000, 0x00000000f8b80000, 0x0000000100000000)
  eden space 36864K, 0% used [0x00000000f5580000,0x00000000f5580000,0x00000000f7980000)
  from space 8192K, 54% used [0x00000000f8380000,0x00000000f87e1a68,0x00000000f8b80000)
  to   space 9216K, 0% used [0x00000000f7980000,0x00000000f7980000,0x00000000f8280000)
 ParOldGen       total 107520K, used 72283K [0x00000000e0000000, 0x00000000e6900000, 0x00000000f5580000)
  object space 107520K, 67% used [0x00000000e0000000,0x00000000e4696dc0,0x00000000e6900000)
 Metaspace       used 99159K, capacity 106676K, committed 107184K, reserved 1142784K
  class space    used 11649K, capacity 13900K, committed 14000K, reserved 1048576K
}
Event: 4031.336 GC heap before
{Heap before GC invocations=61 (full 4):
 PSYoungGen      total 45056K, used 41350K [0x00000000f5580000, 0x00000000f8b80000, 0x0000000100000000)
  eden space 36864K, 100% used [0x00000000f5580000,0x00000000f7980000,0x00000000f7980000)
  from space 8192K, 54% used [0x00000000f8380000,0x00000000f87e1a68,0x00000000f8b80000)
  to   space 9216K, 0% used [0x00000000f7980000,0x00000000f7980000,0x00000000f8280000)
 ParOldGen       total 107520K, used 72283K [0x00000000e0000000, 0x00000000e6900000, 0x00000000f5580000)
  object space 107520K, 67% used [0x00000000e0000000,0x00000000e4696dc0,0x00000000e6900000)
 Metaspace       used 99288K, capacity 106776K, committed 107184K, reserved 1142784K
  class space    used 11663K, capacity 13906K, committed 14000K, reserved 1048576K
Event: 4031.342 GC heap after
Heap after GC invocations=61 (full 4):
 PSYoungGen      total 38912K, used 2534K [0x00000000f5580000, 0x00000000f8b00000, 0x0000000100000000)
  eden space 36352K, 0% used [0x00000000f5580000,0x00000000f5580000,0x00000000f7900000)
  from space 2560K, 99% used [0x00000000f7980000,0x00000000f7bf9a68,0x00000000f7c00000)
  to   space 9216K, 0% used [0x00000000f8200000,0x00000000f8200000,0x00000000f8b00000)
 ParOldGen       total 107520K, used 72595K [0x00000000e0000000, 0x00000000e6900000, 0x00000000f5580000)
  object space 107520K, 67% used [0x00000000e0000000,0x00000000e46e4e20,0x00000000e6900000)
 Metaspace       used 99288K, capacity 106776K, committed 107184K, reserved 1142784K
  class space    used 11663K, capacity 13906K, committed 14000K, reserved 1048576K
}

